\BOOKMARK [1][-]{section.1}{\376\377\000D\000a\000t\000a\000\040\000s\000e\000t\000\040}{}% 1
\BOOKMARK [2][-]{subsection.1.1}{\376\377\000D\000a\000t\000a\000\040\000C\000o\000l\000l\000e\000c\000t\000i\000o\000n\000\040\000a\000n\000d\000\040\000S\000o\000u\000r\000c\000e\000s}{section.1}% 2
\BOOKMARK [2][-]{subsection.1.2}{\376\377\000D\000a\000t\000a\000\040\000P\000r\000e\000p\000r\000o\000c\000e\000s\000s\000i\000n\000g}{section.1}% 3
\BOOKMARK [2][-]{subsection.1.3}{\376\377\000S\000t\000a\000t\000i\000s\000t\000i\000c\000a\000l\000\040\000S\000u\000m\000m\000a\000r\000i\000e\000s}{section.1}% 4
\BOOKMARK [2][-]{subsection.1.4}{\376\377\000D\000a\000t\000a\000\040\000S\000p\000l\000i\000t\000t\000i\000n\000g}{section.1}% 5
\BOOKMARK [1][-]{section.2}{\376\377\000M\000e\000t\000h\000o\000d\000s\000\040\000a\000n\000d\000\040\000E\000x\000p\000e\000r\000i\000m\000e\000n\000t\000s}{}% 6
\BOOKMARK [2][-]{subsection.2.1}{\376\377\000I\000n\000i\000t\000i\000a\000l\000\040\000L\000i\000n\000e\000a\000r\000\040\000R\000e\000g\000r\000e\000s\000s\000i\000o\000n\000\040\000M\000o\000d\000e\000l}{section.2}% 7
\BOOKMARK [2][-]{subsection.2.2}{\376\377\000M\000i\000l\000e\000s\000t\000o\000n\000e}{section.2}% 8
\BOOKMARK [1][-]{section.3}{\376\377\000M\000o\000d\000e\000l\000\040\000A\000r\000c\000h\000i\000t\000e\000c\000t\000u\000r\000e\000\040\000\050\000C\000o\000d\000e\000\040\000S\000u\000m\000m\000a\000r\000y\000\051}{}% 9
\BOOKMARK [2][-]{subsection.3.1}{\376\377\000M\000e\000c\000k\000A\000r\000c\000G\000I\000S\000S\000a\000l\000e\000s\000.\000c\000s\000v}{section.3}% 10
\BOOKMARK [2][-]{subsection.3.2}{\376\377\000p\000r\000o\000c\000e\000s\000s\000A\000r\000c\000G\000I\000S\000S\000a\000l\000e\000s\000.\000p\000y}{section.3}% 11
\BOOKMARK [2][-]{subsection.3.3}{\376\377\0001\000\137\000f\000i\000n\000d\000F\000i\000n\000i\000s\000h\000e\000d\000H\000o\000m\000e\000V\000a\000l\000u\000e\000.\000p\000y}{section.3}% 12
\BOOKMARK [2][-]{subsection.3.4}{\376\377\0002\000\137\000f\000i\000n\000d\000H\000o\000m\000e\000T\000o\000L\000o\000t\000R\000a\000t\000i\000o\000.\000p\000y}{section.3}% 13
\BOOKMARK [2][-]{subsection.3.5}{\376\377\0003\000\137\000q\000u\000e\000r\000y\000R\000e\000c\000o\000r\000d\000A\000d\000d\000r\000e\000s\000s\000.\000p\000y}{section.3}% 14
\BOOKMARK [2][-]{subsection.3.6}{\376\377\0004\000\137\000a\000d\000d\000F\000e\000a\000t\000u\000r\000e\000s\000.\000p\000y}{section.3}% 15
\BOOKMARK [2][-]{subsection.3.7}{\376\377\0004\000.\0001\0002\000\137\000s\000o\000r\000t\000S\000t\000a\000n\000d\000a\000r\000d\000i\000z\000e\000d\000G\000r\000a\000n\000t\000e\000e\000M\000a\000p\000.\000p\000y}{section.3}% 16
\BOOKMARK [2][-]{subsection.3.8}{\376\377\0004\000.\0002\0003\000\137\000a\000d\000d\000S\000t\000a\000n\000d\000a\000r\000d\000i\000z\000e\000d\000G\000r\000a\000n\000t\000e\000e\000N\000a\000m\000e\000s\000.\000p\000y}{section.3}% 17
\BOOKMARK [2][-]{subsection.3.9}{\376\377\0004\000.\0002\0004\000\137\000t\000r\000a\000n\000s\000f\000o\000r\000m\000D\000a\000t\000a\000.\000p\000y}{section.3}% 18
\BOOKMARK [2][-]{subsection.3.10}{\376\377\0004\000.\0002\0005\000\137\000f\000i\000n\000d\000B\000e\000s\000t\000I\000Q\000R\000G\000r\000i\000d\000.\000p\000y}{section.3}% 19
\BOOKMARK [2][-]{subsection.3.11}{\376\377\000M\000o\000d\000e\000l\000:\000\040\0002\000\137\000r\000e\000g\000r\000e\000s\000s\000i\000o\000n\000M\000o\000d\000e\000l\000.\000p\000y}{section.3}% 20
\BOOKMARK [2][-]{subsection.3.12}{\376\377\000M\000o\000d\000e\000l\000:\000\040\0002\000.\0001\000\137\000r\000e\000g\000r\000e\000s\000s\000i\000o\000n\000M\000o\000d\000e\000l\000\137\000r\000e\000g\000u\000l\000a\000r\000i\000z\000a\000t\000i\000o\000n\000.\000p\000y}{section.3}% 21
\BOOKMARK [2][-]{subsection.3.13}{\376\377\000M\000o\000d\000e\000l\000:\000\040\0002\000.\0002\000\137\000r\000e\000g\000r\000e\000s\000s\000i\000o\000n\000M\000o\000d\000e\000l\000\137\000r\000a\000n\000d\000o\000m\000F\000o\000r\000e\000s\000t\000.\000p\000y}{section.3}% 22
\BOOKMARK [2][-]{subsection.3.14}{\376\377\000M\000o\000d\000e\000l\000:\000\040\0002\000.\0003\000\137\000r\000e\000g\000r\000e\000s\000s\000i\000o\000n\000M\000o\000d\000e\000l\000\137\000x\000g\000b\000o\000o\000s\000t\000.\000p\000y}{section.3}% 23
\BOOKMARK [2][-]{subsection.3.15}{\376\377\000M\000o\000d\000e\000l\000:\000\040\0002\000.\0003\0001\000\137\000r\000e\000g\000r\000e\000s\000s\000i\000o\000n\000M\000o\000d\000e\000l\000\137\000x\000g\000b\000o\000o\000s\000t\000\137\000h\000y\000p\000T\000u\000n\000i\000n\000g\000.\000p\000y}{section.3}% 24
\BOOKMARK [2][-]{subsection.3.16}{\376\377\000M\000o\000d\000e\000l\000:\000\040\0003\000\137\000r\000e\000g\000r\000e\000s\000s\000i\000o\000n\000M\000o\000d\000e\000l\000\137\000n\000e\000w\000F\000e\000a\000t\000u\000r\000e\000s\000\137\000x\000g\000b\000o\000o\000s\000t\000\137\000h\000y\000p\000T\000u\000n\000i\000n\000g\000.\000p\000y}{section.3}% 25
\BOOKMARK [2][-]{subsection.3.17}{\376\377\000M\000o\000d\000e\000l\000:\000\040\0003\000.\0001\000\137\000r\000e\000g\000r\000e\000s\000s\000i\000o\000n\000M\000o\000d\000e\000l\000\137\000x\000g\000b\000o\000o\000s\000t\000\137\000a\000d\000d\000R\000e\000g\000H\000y\000p\000T\000u\000n\000i\000n\000g\000.\000p\000y}{section.3}% 26
\BOOKMARK [2][-]{subsection.3.18}{\376\377\000M\000o\000d\000e\000l\000:\000\040\0003\000.\0002\000\137\000r\000e\000g\000r\000e\000s\000s\000i\000o\000n\000M\000o\000d\000e\000l\000\137\000x\000g\000b\000o\000o\000s\000t\000\137\000h\000y\000p\000t\000u\000n\000i\000n\000g\000\137\000d\000r\000o\000p\000F\000e\000a\000t\000u\000r\000e\000s\000.\000p\000y}{section.3}% 27
\BOOKMARK [2][-]{subsection.3.19}{\376\377\000M\000o\000d\000e\000l\000:\000\040\0003\000.\0003\000\137\000r\000e\000g\000r\000e\000s\000s\000i\000o\000n\000M\000o\000d\000e\000l\000\137\000x\000g\000b\000o\000o\000s\000t\000\137\000s\000e\000t\000P\000a\000r\000a\000m\000s\000\137\000i\000n\000c\000r\000e\000a\000s\000e\000C\000V\000.\000p\000y}{section.3}% 28
\BOOKMARK [2][-]{subsection.3.20}{\376\377\000M\000o\000d\000e\000l\000:\000\040\0003\000.\0004\000\137\000r\000e\000g\000r\000e\000s\000s\000i\000o\000n\000M\000o\000d\000e\000l\000\137\000x\000g\000b\000o\000o\000s\000t\000\137\000l\000a\000n\000d\000u\000s\000e\0003\000c\000a\000t\000e\000g\000o\000r\000i\000e\000s\000.\000p\000y}{section.3}% 29
\BOOKMARK [2][-]{subsection.3.21}{\376\377\000M\000o\000d\000e\000l\000:\000\040\0003\000.\0005\000\137\000r\000e\000g\000r\000e\000s\000s\000i\000o\000n\000M\000o\000d\000e\000l\000\137\000r\000e\000m\000o\000v\000e\000C\000a\000t\000e\000g\000o\000r\000i\000e\000s\000.\000p\000y}{section.3}% 30
\BOOKMARK [2][-]{subsection.3.22}{\376\377\000M\000o\000d\000e\000l\000:\000\040\0004\000\137\000r\000e\000g\000r\000e\000s\000s\000i\000o\000n\000M\000o\000d\000e\000l\000\137\000x\000g\000b\000o\000o\000s\000t\000\137\000m\000a\000p\000p\000e\000d\000G\000r\000a\000n\000t\000e\000e\000s\000.\000p\000y}{section.3}% 31
